\BOOKMARK [1][-]{section.1}{\376\377\000I\000n\000t\000r\000o\000d\000u\000c\000t\000i\000o\000n}{}% 1
\BOOKMARK [2][-]{subsection.1.1}{\376\377\000P\000r\000\351\000r\000e\000q\000u\000i\000s}{section.1}% 2
\BOOKMARK [2][-]{subsection.1.2}{\376\377\000O\000b\000j\000e\000c\000t\000i\000f\000s\000\040\000p\000\351\000d\000a\000g\000o\000g\000i\000q\000u\000e\000s}{section.1}% 3
\BOOKMARK [1][-]{section.2}{\376\377\000E\000x\000e\000r\000c\000i\000c\000e\000\040\0001\000\040\000:\000\040\000\300\000\040\000l\000a\000\040\000d\000\351\000c\000o\000u\000v\000e\000r\000t\000e\000\040\000d\000e\000\040\000H\000e\000l\000m}{}% 4
\BOOKMARK [2][-]{subsection.2.1}{\376\377\000O\000b\000j\000e\000c\000t\000i\000f}{section.2}% 5
\BOOKMARK [2][-]{subsection.2.2}{\376\377\000C\000o\000n\000c\000e\000p\000t\000s\000\040\000c\000l\000\351\000s}{section.2}% 6
\BOOKMARK [2][-]{subsection.2.3}{\376\377\000S\000o\000l\000u\000t\000i\000o\000n\000\040\000p\000a\000s\000\040\000\340\000\040\000p\000a\000s}{section.2}% 7
\BOOKMARK [3][-]{subsubsection.2.3.1}{\376\377\000\311\000t\000a\000p\000e\000\040\0001\000\040\000:\000\040\000I\000n\000s\000t\000a\000l\000l\000a\000t\000i\000o\000n\000\040\000d\000e\000\040\000H\000e\000l\000m}{subsection.2.3}% 8
\BOOKMARK [3][-]{subsubsection.2.3.2}{\376\377\000\311\000t\000a\000p\000e\000\040\0002\000\040\000:\000\040\000C\000r\000\351\000a\000t\000i\000o\000n\000\040\000d\000e\000\040\000l\000a\000\040\000s\000t\000r\000u\000c\000t\000u\000r\000e\000\040\000d\000u\000\040\000C\000h\000a\000r\000t}{subsection.2.3}% 9
\BOOKMARK [3][-]{subsubsection.2.3.3}{\376\377\000\311\000t\000a\000p\000e\000\040\0003\000\040\000:\000\040\000C\000r\000\351\000a\000t\000i\000o\000n\000\040\000d\000u\000\040\000f\000i\000c\000h\000i\000e\000r\000\040\000C\000h\000a\000r\000t\000.\000y\000a\000m\000l}{subsection.2.3}% 10
\BOOKMARK [3][-]{subsubsection.2.3.4}{\376\377\000\311\000t\000a\000p\000e\000\040\0004\000\040\000:\000\040\000C\000r\000\351\000a\000t\000i\000o\000n\000\040\000d\000e\000s\000\040\000t\000e\000m\000p\000l\000a\000t\000e\000s\000\040\000K\000u\000b\000e\000r\000n\000e\000t\000e\000s}{subsection.2.3}% 11
\BOOKMARK [3][-]{subsubsection.2.3.5}{\376\377\000\311\000t\000a\000p\000e\000\040\0005\000\040\000:\000\040\000P\000a\000c\000k\000a\000g\000i\000n\000g\000\040\000d\000u\000\040\000C\000h\000a\000r\000t}{subsection.2.3}% 12
\BOOKMARK [3][-]{subsubsection.2.3.6}{\376\377\000\311\000t\000a\000p\000e\000\040\0006\000\040\000:\000\040\000I\000n\000s\000t\000a\000l\000l\000a\000t\000i\000o\000n\000\040\000d\000u\000\040\000C\000h\000a\000r\000t}{subsection.2.3}% 13
\BOOKMARK [3][-]{subsubsection.2.3.7}{\376\377\000\311\000t\000a\000p\000e\000\040\0007\000\040\000:\000\040\000V\000\351\000r\000i\000f\000i\000c\000a\000t\000i\000o\000n}{subsection.2.3}% 14
\BOOKMARK [1][-]{section.3}{\376\377\000E\000x\000e\000r\000c\000i\000c\000e\000\040\0002\000\040\000:\000\040\000A\000m\000\351\000l\000i\000o\000r\000e\000r\000\040\000l\000a\000\040\000m\000o\000d\000u\000l\000a\000r\000i\000t\000\351}{}% 15
\BOOKMARK [2][-]{subsection.3.1}{\376\377\000O\000b\000j\000e\000c\000t\000i\000f}{section.3}% 16
\BOOKMARK [2][-]{subsection.3.2}{\376\377\000C\000o\000n\000c\000e\000p\000t\000s\000\040\000c\000l\000\351\000s}{section.3}% 17
\BOOKMARK [2][-]{subsection.3.3}{\376\377\000S\000o\000l\000u\000t\000i\000o\000n\000\040\000p\000a\000s\000\040\000\340\000\040\000p\000a\000s}{section.3}% 18
\BOOKMARK [3][-]{subsubsection.3.3.1}{\376\377\000\311\000t\000a\000p\000e\000\040\0001\000\040\000:\000\040\000C\000r\000\351\000a\000t\000i\000o\000n\000\040\000d\000u\000\040\000C\000h\000a\000r\000t\000\040\000d\000e\000\040\000s\000t\000o\000c\000k\000a\000g\000e}{subsection.3.3}% 19
\BOOKMARK [3][-]{subsubsection.3.3.2}{\376\377\000\311\000t\000a\000p\000e\000\040\0002\000\040\000:\000\040\000D\000\351\000p\000l\000a\000c\000e\000r\000\040\000l\000e\000\040\000P\000V\000C}{subsection.3.3}% 20
\BOOKMARK [3][-]{subsubsection.3.3.3}{\376\377\000\311\000t\000a\000p\000e\000\040\0003\000\040\000:\000\040\000P\000a\000c\000k\000a\000g\000i\000n\000g\000\040\000d\000u\000\040\000s\000t\000o\000r\000a\000g\000e\000-\000c\000h\000a\000r\000t}{subsection.3.3}% 21
\BOOKMARK [3][-]{subsubsection.3.3.4}{\376\377\000\311\000t\000a\000p\000e\000\040\0004\000\040\000:\000\040\000D\000\351\000c\000l\000a\000r\000a\000t\000i\000o\000n\000\040\000d\000e\000\040\000l\000a\000\040\000d\000\351\000p\000e\000n\000d\000a\000n\000c\000e}{subsection.3.3}% 22
\BOOKMARK [3][-]{subsubsection.3.3.5}{\376\377\000\311\000t\000a\000p\000e\000\040\0005\000\040\000:\000\040\000S\000u\000p\000p\000r\000e\000s\000s\000i\000o\000n\000\040\000d\000u\000\040\000P\000V\000C\000\040\000d\000u\000\040\000C\000h\000a\000r\000t\000\040\000p\000r\000i\000n\000c\000i\000p\000a\000l}{subsection.3.3}% 23
\BOOKMARK [3][-]{subsubsection.3.3.6}{\376\377\000\311\000t\000a\000p\000e\000\040\0006\000\040\000:\000\040\000A\000j\000o\000u\000t\000\040\000d\000e\000\040\000l\000a\000\040\000d\000\351\000p\000e\000n\000d\000a\000n\000c\000e\000\040\000a\000u\000\040\000C\000h\000a\000r\000t}{subsection.3.3}% 24
\BOOKMARK [3][-]{subsubsection.3.3.7}{\376\377\000\311\000t\000a\000p\000e\000\040\0007\000\040\000:\000\040\000D\000\351\000p\000l\000o\000i\000e\000m\000e\000n\000t\000\040\000d\000e\000\040\000l\000a\000\040\000v\000e\000r\000s\000i\000o\000n\000\040\0000\000.\0002}{subsection.3.3}% 25
\BOOKMARK [1][-]{section.4}{\376\377\000E\000x\000e\000r\000c\000i\000c\000e\000\040\0003\000\040\000:\000\040\000V\000a\000r\000i\000a\000b\000i\000l\000i\000s\000a\000t\000i\000o\000n\000\040\000a\000v\000e\000c\000\040\000v\000a\000l\000u\000e\000s\000.\000y\000a\000m\000l}{}% 26
\BOOKMARK [2][-]{subsection.4.1}{\376\377\000O\000b\000j\000e\000c\000t\000i\000f}{section.4}% 27
\BOOKMARK [2][-]{subsection.4.2}{\376\377\000C\000o\000n\000c\000e\000p\000t\000s\000\040\000c\000l\000\351\000s}{section.4}% 28
\BOOKMARK [2][-]{subsection.4.3}{\376\377\000S\000o\000l\000u\000t\000i\000o\000n\000\040\000p\000a\000s\000\040\000\340\000\040\000p\000a\000s}{section.4}% 29
\BOOKMARK [3][-]{subsubsection.4.3.1}{\376\377\000\311\000t\000a\000p\000e\000\040\0001\000\040\000:\000\040\000C\000r\000\351\000a\000t\000i\000o\000n\000\040\000d\000u\000\040\000f\000i\000c\000h\000i\000e\000r\000\040\000v\000a\000l\000u\000e\000s\000.\000y\000a\000m\000l}{subsection.4.3}% 30
\BOOKMARK [3][-]{subsubsection.4.3.2}{\376\377\000\311\000t\000a\000p\000e\000\040\0002\000\040\000:\000\040\000M\000o\000d\000i\000f\000i\000c\000a\000t\000i\000o\000n\000\040\000d\000u\000\040\000t\000e\000m\000p\000l\000a\000t\000e\000\040\000D\000e\000p\000l\000o\000y\000m\000e\000n\000t}{subsection.4.3}% 31
\BOOKMARK [3][-]{subsubsection.4.3.3}{\376\377\000\311\000t\000a\000p\000e\000\040\0003\000\040\000:\000\040\000M\000o\000d\000i\000f\000i\000c\000a\000t\000i\000o\000n\000\040\000d\000u\000\040\000t\000e\000m\000p\000l\000a\000t\000e\000\040\000S\000e\000r\000v\000i\000c\000e}{subsection.4.3}% 32
\BOOKMARK [3][-]{subsubsection.4.3.4}{\376\377\000\311\000t\000a\000p\000e\000\040\0004\000\040\000:\000\040\000P\000a\000c\000k\000a\000g\000i\000n\000g\000\040\000e\000t\000\040\000d\000\351\000p\000l\000o\000i\000e\000m\000e\000n\000t}{subsection.4.3}% 33
\BOOKMARK [3][-]{subsubsection.4.3.5}{\376\377\000\311\000t\000a\000p\000e\000\040\0005\000\040\000:\000\040\000T\000e\000s\000t\000e\000r\000\040\000l\000a\000\040\000v\000a\000r\000i\000a\000b\000i\000l\000i\000s\000a\000t\000i\000o\000n}{subsection.4.3}% 34
\BOOKMARK [1][-]{section.5}{\376\377\000E\000x\000e\000r\000c\000i\000c\000e\000\040\0004\000\040\000:\000\040\000C\000h\000a\000r\000t\000\040\000c\000o\000m\000m\000u\000n\000\040\000a\000v\000e\000c\000\040\000h\000e\000l\000p\000e\000r\000s}{}% 35
\BOOKMARK [2][-]{subsection.5.1}{\376\377\000O\000b\000j\000e\000c\000t\000i\000f}{section.5}% 36
\BOOKMARK [2][-]{subsection.5.2}{\376\377\000C\000o\000n\000c\000e\000p\000t\000s\000\040\000c\000l\000\351\000s}{section.5}% 37
\BOOKMARK [2][-]{subsection.5.3}{\376\377\000S\000o\000l\000u\000t\000i\000o\000n\000\040\000p\000a\000s\000\040\000\340\000\040\000p\000a\000s}{section.5}% 38
\BOOKMARK [3][-]{subsubsection.5.3.1}{\376\377\000\311\000t\000a\000p\000e\000\040\0001\000\040\000:\000\040\000C\000r\000\351\000a\000t\000i\000o\000n\000\040\000d\000u\000\040\000c\000o\000m\000m\000o\000n\000-\000c\000h\000a\000r\000t}{subsection.5.3}% 39
\BOOKMARK [3][-]{subsubsection.5.3.2}{\376\377\000\311\000t\000a\000p\000e\000\040\0002\000\040\000:\000\040\000C\000r\000\351\000a\000t\000i\000o\000n\000\040\000d\000u\000\040\000f\000i\000c\000h\000i\000e\000r\000\040\000d\000e\000\040\000h\000e\000l\000p\000e\000r\000s}{subsection.5.3}% 40
\BOOKMARK [3][-]{subsubsection.5.3.3}{\376\377\000\311\000t\000a\000p\000e\000\040\0003\000\040\000:\000\040\000P\000a\000c\000k\000a\000g\000i\000n\000g\000\040\000d\000u\000\040\000c\000o\000m\000m\000o\000n\000-\000c\000h\000a\000r\000t}{subsection.5.3}% 41
\BOOKMARK [3][-]{subsubsection.5.3.4}{\376\377\000\311\000t\000a\000p\000e\000\040\0004\000\040\000:\000\040\000A\000j\000o\000u\000t\000\040\000c\000o\000m\000m\000e\000\040\000d\000\351\000p\000e\000n\000d\000a\000n\000c\000e}{subsection.5.3}% 42
\BOOKMARK [3][-]{subsubsection.5.3.5}{\376\377\000\311\000t\000a\000p\000e\000\040\0005\000\040\000:\000\040\000U\000t\000i\000l\000i\000s\000a\000t\000i\000o\000n\000\040\000d\000a\000n\000s\000\040\000l\000e\000s\000\040\000t\000e\000m\000p\000l\000a\000t\000e\000s}{subsection.5.3}% 43
\BOOKMARK [3][-]{subsubsection.5.3.6}{\376\377\000\311\000t\000a\000p\000e\000\040\0006\000\040\000:\000\040\000D\000\351\000p\000l\000o\000i\000e\000m\000e\000n\000t\000\040\000d\000e\000\040\000l\000a\000\040\000v\000e\000r\000s\000i\000o\000n\000\040\000f\000i\000n\000a\000l\000e}{subsection.5.3}% 44
\BOOKMARK [3][-]{subsubsection.5.3.7}{\376\377\000\311\000t\000a\000p\000e\000\040\0007\000\040\000:\000\040\000V\000\351\000r\000i\000f\000i\000c\000a\000t\000i\000o\000n\000\040\000d\000e\000s\000\040\000l\000a\000b\000e\000l\000s}{subsection.5.3}% 45
\BOOKMARK [1][-]{section.6}{\376\377\000T\000e\000s\000t\000s\000\040\000e\000t\000\040\000v\000a\000l\000i\000d\000a\000t\000i\000o\000n}{}% 46
\BOOKMARK [2][-]{subsection.6.1}{\376\377\000C\000o\000m\000m\000a\000n\000d\000e\000s\000\040\000d\000e\000\040\000v\000\351\000r\000i\000f\000i\000c\000a\000t\000i\000o\000n}{section.6}% 47
\BOOKMARK [2][-]{subsection.6.2}{\376\377\000R\000\351\000s\000u\000l\000t\000a\000t\000s\000\040\000a\000t\000t\000e\000n\000d\000u\000s}{section.6}% 48
\BOOKMARK [1][-]{section.7}{\376\377\000C\000o\000m\000m\000a\000n\000d\000e\000s\000\040\000H\000e\000l\000m\000\040\000e\000s\000s\000e\000n\000t\000i\000e\000l\000l\000e\000s}{}% 49
\BOOKMARK [2][-]{subsection.7.1}{\376\377\000G\000e\000s\000t\000i\000o\000n\000\040\000d\000e\000s\000\040\000C\000h\000a\000r\000t\000s}{section.7}% 50
\BOOKMARK [2][-]{subsection.7.2}{\376\377\000G\000e\000s\000t\000i\000o\000n\000\040\000d\000e\000s\000\040\000r\000e\000l\000e\000a\000s\000e\000s}{section.7}% 51
\BOOKMARK [2][-]{subsection.7.3}{\376\377\000D\000e\000b\000u\000g\000g\000i\000n\000g}{section.7}% 52
\BOOKMARK [1][-]{section.8}{\376\377\000B\000o\000n\000n\000e\000s\000\040\000p\000r\000a\000t\000i\000q\000u\000e\000s}{}% 53
\BOOKMARK [2][-]{subsection.8.1}{\376\377\000V\000e\000r\000s\000i\000o\000n\000i\000n\000g}{section.8}% 54
\BOOKMARK [2][-]{subsection.8.2}{\376\377\000O\000r\000g\000a\000n\000i\000s\000a\000t\000i\000o\000n\000\040\000d\000e\000s\000\040\000C\000h\000a\000r\000t\000s}{section.8}% 55
\BOOKMARK [2][-]{subsection.8.3}{\376\377\000N\000o\000m\000e\000n\000c\000l\000a\000t\000u\000r\000e}{section.8}% 56
\BOOKMARK [2][-]{subsection.8.4}{\376\377\000S\000\351\000c\000u\000r\000i\000t\000\351}{section.8}% 57
\BOOKMARK [1][-]{section.9}{\376\377\000A\000l\000l\000e\000r\000\040\000p\000l\000u\000s\000\040\000l\000o\000i\000n}{}% 58
\BOOKMARK [2][-]{subsection.9.1}{\376\377\000F\000o\000n\000c\000t\000i\000o\000n\000n\000a\000l\000i\000t\000\351\000s\000\040\000a\000v\000a\000n\000c\000\351\000e\000s}{section.9}% 59
\BOOKMARK [3][-]{subsubsection.9.1.1}{\376\377\000H\000o\000o\000k\000s\000\040\000H\000e\000l\000m}{subsection.9.1}% 60
\BOOKMARK [3][-]{subsubsection.9.1.2}{\376\377\000T\000e\000s\000t\000s\000\040\000H\000e\000l\000m}{subsection.9.1}% 61
\BOOKMARK [3][-]{subsubsection.9.1.3}{\376\377\000C\000o\000n\000d\000i\000t\000i\000o\000n\000s\000\040\000e\000t\000\040\000b\000o\000u\000c\000l\000e\000s}{subsection.9.1}% 62
\BOOKMARK [2][-]{subsection.9.2}{\376\377\000R\000e\000p\000o\000s\000i\000t\000o\000r\000i\000e\000s\000\040\000H\000e\000l\000m}{section.9}% 63
\BOOKMARK [3][-]{subsubsection.9.2.1}{\376\377\000U\000t\000i\000l\000i\000s\000e\000r\000\040\000u\000n\000\040\000r\000e\000p\000o\000s\000i\000t\000o\000r\000y\000\040\000p\000u\000b\000l\000i\000c}{subsection.9.2}% 64
\BOOKMARK [3][-]{subsubsection.9.2.2}{\376\377\000C\000r\000\351\000e\000r\000\040\000s\000o\000n\000\040\000p\000r\000o\000p\000r\000e\000\040\000r\000e\000p\000o\000s\000i\000t\000o\000r\000y}{subsection.9.2}% 65
\BOOKMARK [1][-]{section.10}{\376\377\000T\000r\000o\000u\000b\000l\000e\000s\000h\000o\000o\000t\000i\000n\000g}{}% 66
\BOOKMARK [2][-]{subsection.10.1}{\376\377\000P\000r\000o\000b\000l\000\350\000m\000e\000s\000\040\000c\000o\000u\000r\000a\000n\000t\000s}{section.10}% 67
\BOOKMARK [3][-]{subsubsection.10.1.1}{\376\377\000E\000r\000r\000e\000u\000r\000\040\000:\000\040\000R\000e\000l\000e\000a\000s\000e\000\040\000a\000l\000r\000e\000a\000d\000y\000\040\000e\000x\000i\000s\000t\000s}{subsection.10.1}% 68
\BOOKMARK [3][-]{subsubsection.10.1.2}{\376\377\000E\000r\000r\000e\000u\000r\000\040\000:\000\040\000T\000e\000m\000p\000l\000a\000t\000e\000\040\000r\000e\000n\000d\000e\000r\000i\000n\000g}{subsection.10.1}% 69
\BOOKMARK [3][-]{subsubsection.10.1.3}{\376\377\000E\000r\000r\000e\000u\000r\000\040\000:\000\040\000Y\000A\000M\000L\000\040\000i\000n\000d\000e\000n\000t\000a\000t\000i\000o\000n}{subsection.10.1}% 70
\BOOKMARK [3][-]{subsubsection.10.1.4}{\376\377\000D\000\351\000p\000e\000n\000d\000a\000n\000c\000e\000s\000\040\000n\000o\000n\000\040\000t\000r\000o\000u\000v\000\351\000e\000s}{subsection.10.1}% 71
\BOOKMARK [1][-]{section.11}{\376\377\000R\000e\000s\000s\000o\000u\000r\000c\000e\000s\000\040\000c\000o\000m\000p\000l\000\351\000m\000e\000n\000t\000a\000i\000r\000e\000s}{}% 72
\BOOKMARK [2][-]{subsection.11.1}{\376\377\000D\000o\000c\000u\000m\000e\000n\000t\000a\000t\000i\000o\000n\000\040\000o\000f\000f\000i\000c\000i\000e\000l\000l\000e}{section.11}% 73
\BOOKMARK [2][-]{subsection.11.2}{\376\377\000C\000h\000a\000r\000t\000s\000\040\000p\000o\000p\000u\000l\000a\000i\000r\000e\000s}{section.11}% 74
\BOOKMARK [2][-]{subsection.11.3}{\376\377\000O\000u\000t\000i\000l\000s\000\040\000c\000o\000m\000p\000l\000\351\000m\000e\000n\000t\000a\000i\000r\000e\000s}{section.11}% 75
\BOOKMARK [1][-]{section.12}{\376\377\000C\000o\000n\000c\000l\000u\000s\000i\000o\000n}{}% 76
\BOOKMARK [2][-]{subsection.12.1}{\376\377\000R\000\351\000c\000a\000p\000i\000t\000u\000l\000a\000t\000i\000f}{section.12}% 77
\BOOKMARK [2][-]{subsection.12.2}{\376\377\000A\000r\000c\000h\000i\000t\000e\000c\000t\000u\000r\000e\000\040\000f\000i\000n\000a\000l\000e}{section.12}% 78
\BOOKMARK [2][-]{subsection.12.3}{\376\377\000C\000o\000m\000p\000\351\000t\000e\000n\000c\000e\000s\000\040\000a\000c\000q\000u\000i\000s\000e\000s}{section.12}% 79
