\BOOKMARK [1][-]{section.1}{\376\377\000T\000\351\000l\000\351\000c\000h\000a\000r\000g\000e\000m\000e\000n\000t\000\040\000d\000'\000i\000m\000a\000g\000e\000s\000\040\000D\000o\000c\000k\000e\000r}{}% 1
\BOOKMARK [2][-]{subsection.1.1}{\376\377\000E\000x\000e\000r\000c\000i\000c\000e\000\040\0001\000\040\000:\000\040\000P\000r\000e\000m\000i\000\350\000r\000e\000\040\000i\000m\000a\000g\000e}{section.1}% 2
\BOOKMARK [2][-]{subsection.1.2}{\376\377\000E\000x\000e\000r\000c\000i\000c\000e\000\040\0002\000\040\000:\000\040\000E\000r\000r\000e\000u\000r\000\040\000c\000o\000u\000r\000a\000n\000t\000e\000\040\000-\000\040\000N\000o\000m\000\040\000d\000'\000i\000m\000a\000g\000e\000\040\000i\000n\000c\000o\000r\000r\000e\000c\000t}{section.1}% 3
\BOOKMARK [2][-]{subsection.1.3}{\376\377\000E\000x\000e\000r\000c\000i\000c\000e\000\040\0003\000\040\000:\000\040\000T\000\351\000l\000\351\000c\000h\000a\000r\000g\000e\000r\000\040\000G\000r\000a\000f\000a\000n\000a}{section.1}% 4
\BOOKMARK [1][-]{section.2}{\376\377\000G\000e\000s\000t\000i\000o\000n\000\040\000d\000e\000s\000\040\000c\000o\000n\000t\000e\000n\000e\000u\000r\000s}{}% 5
\BOOKMARK [2][-]{subsection.2.1}{\376\377\000E\000x\000e\000r\000c\000i\000c\000e\000\040\0004\000\040\000:\000\040\000L\000a\000n\000c\000e\000r\000\040\000u\000n\000\040\000p\000r\000e\000m\000i\000e\000r\000\040\000c\000o\000n\000t\000e\000n\000e\000u\000r}{section.2}% 6
\BOOKMARK [2][-]{subsection.2.2}{\376\377\000E\000x\000e\000r\000c\000i\000c\000e\000\040\0005\000\040\000:\000\040\000C\000o\000m\000p\000r\000e\000n\000d\000r\000e\000\040\000l\000e\000\040\000p\000r\000o\000b\000l\000\350\000m\000e\000\040\000d\000e\000\040\000B\000u\000s\000y\000B\000o\000x}{section.2}% 7
\BOOKMARK [1][-]{section.3}{\376\377\000M\000a\000p\000p\000i\000n\000g\000\040\000d\000e\000\040\000p\000o\000r\000t\000s}{}% 8
\BOOKMARK [2][-]{subsection.3.1}{\376\377\000E\000x\000e\000r\000c\000i\000c\000e\000\040\0006\000\040\000:\000\040\000L\000a\000n\000c\000e\000r\000\040\000G\000r\000a\000f\000a\000n\000a\000\040\000a\000v\000e\000c\000\040\000m\000a\000p\000p\000i\000n\000g\000\040\000d\000e\000\040\000p\000o\000r\000t\000s}{section.3}% 9
\BOOKMARK [2][-]{subsection.3.2}{\376\377\000E\000x\000e\000r\000c\000i\000c\000e\000\040\0007\000\040\000:\000\040\000E\000r\000r\000e\000u\000r\000\040\000d\000e\000\040\000c\000o\000n\000f\000l\000i\000t\000\040\000d\000e\000\040\000n\000o\000m}{section.3}% 10
\BOOKMARK [2][-]{subsection.3.3}{\376\377\000E\000x\000e\000r\000c\000i\000c\000e\000\040\0008\000\040\000:\000\040\000M\000a\000p\000p\000i\000n\000g\000\040\000d\000e\000\040\000p\000o\000r\000t\000s\000\040\000a\000v\000a\000n\000c\000\351}{section.3}% 11
\BOOKMARK [2][-]{subsection.3.4}{\376\377\000E\000x\000e\000r\000c\000i\000c\000e\000\040\0009\000\040\000:\000\040\000D\000o\000c\000k\000e\000r\000\040\000R\000e\000g\000i\000s\000t\000r\000y}{section.3}% 12
\BOOKMARK [1][-]{section.4}{\376\377\000E\000x\000p\000l\000o\000r\000a\000t\000i\000o\000n\000\040\000d\000e\000\040\000c\000o\000n\000t\000e\000n\000e\000u\000r\000s}{}% 13
\BOOKMARK [2][-]{subsection.4.1}{\376\377\000E\000x\000e\000r\000c\000i\000c\000e\000\040\0001\0000\000\040\000:\000\040\000A\000c\000c\000\351\000d\000e\000r\000\040\000\340\000\040\000u\000n\000\040\000c\000o\000n\000t\000e\000n\000e\000u\000r\000\040\000e\000n\000\040\000c\000o\000u\000r\000s\000\040\000d\000'\000e\000x\000\351\000c\000u\000t\000i\000o\000n}{section.4}% 14
\BOOKMARK [2][-]{subsection.4.2}{\376\377\000E\000x\000e\000r\000c\000i\000c\000e\000\040\0001\0001\000\040\000:\000\040\000C\000o\000n\000s\000u\000l\000t\000e\000r\000\040\000l\000e\000s\000\040\000l\000o\000g\000s}{section.4}% 15
\BOOKMARK [1][-]{section.5}{\376\377\000C\000o\000n\000f\000i\000g\000u\000r\000a\000t\000i\000o\000n\000\040\000r\000\351\000s\000e\000a\000u\000\040\000D\000o\000c\000k\000e\000r}{}% 16
\BOOKMARK [2][-]{subsection.5.1}{\376\377\000E\000x\000e\000r\000c\000i\000c\000e\000\040\0001\0002\000\040\000:\000\040\000I\000d\000e\000n\000t\000i\000f\000i\000e\000r\000\040\000l\000a\000\040\000p\000l\000a\000g\000e\000\040\000r\000\351\000s\000e\000a\000u}{section.5}% 17
\BOOKMARK [2][-]{subsection.5.2}{\376\377\000E\000x\000e\000r\000c\000i\000c\000e\000\040\0001\0003\000\040\000:\000\040\000C\000o\000n\000f\000l\000i\000t\000\040\000d\000e\000\040\000s\000u\000b\000n\000e\000t}{section.5}% 18
\BOOKMARK [1][-]{section.6}{\376\377\000R\000e\000g\000i\000s\000t\000r\000e\000s\000\040\000D\000o\000c\000k\000e\000r}{}% 19
\BOOKMARK [2][-]{subsection.6.1}{\376\377\000E\000x\000e\000r\000c\000i\000c\000e\000\040\0001\0004\000\040\000:\000\040\000C\000o\000m\000p\000r\000e\000n\000d\000r\000e\000\040\000l\000e\000s\000\040\000r\000e\000g\000i\000s\000t\000r\000e\000s}{section.6}% 20
\BOOKMARK [2][-]{subsection.6.2}{\376\377\000E\000x\000e\000r\000c\000i\000c\000e\000\040\0001\0005\000\040\000:\000\040\000U\000t\000i\000l\000i\000s\000e\000r\000\040\000u\000n\000\040\000r\000e\000g\000i\000s\000t\000r\000e\000\040\000l\000o\000c\000a\000l}{section.6}% 21
\BOOKMARK [1][-]{section.7}{\376\377\000D\000i\000a\000g\000n\000o\000s\000t\000i\000c\000\040\000e\000t\000\040\000r\000\351\000s\000o\000l\000u\000t\000i\000o\000n\000\040\000d\000e\000\040\000p\000r\000o\000b\000l\000\350\000m\000e\000s}{}% 22
\BOOKMARK [2][-]{subsection.7.1}{\376\377\000E\000x\000e\000r\000c\000i\000c\000e\000\040\0001\0006\000\040\000:\000\040\000P\000r\000o\000b\000l\000\350\000m\000e\000\040\000d\000e\000\040\000p\000e\000r\000m\000i\000s\000s\000i\000o\000n\000s}{section.7}% 23
\BOOKMARK [2][-]{subsection.7.2}{\376\377\000E\000x\000e\000r\000c\000i\000c\000e\000\040\0001\0007\000\040\000:\000\040\000T\000i\000m\000e\000o\000u\000t\000\040\000r\000\351\000s\000e\000a\000u}{section.7}% 24
\BOOKMARK [1][-]{section.8}{\376\377\000C\000o\000m\000m\000a\000n\000d\000e\000s\000\040\000d\000e\000\040\000g\000e\000s\000t\000i\000o\000n}{}% 25
\BOOKMARK [2][-]{subsection.8.1}{\376\377\000E\000x\000e\000r\000c\000i\000c\000e\000\040\0001\0008\000\040\000:\000\040\000N\000e\000t\000t\000o\000y\000a\000g\000e}{section.8}% 26
\BOOKMARK [2][-]{subsection.8.2}{\376\377\000E\000x\000e\000r\000c\000i\000c\000e\000\040\0001\0009\000\040\000:\000\040\000M\000o\000n\000i\000t\000o\000r\000i\000n\000g}{section.8}% 27
\BOOKMARK [1][-]{section.9}{\376\377\000S\000y\000n\000t\000h\000\350\000s\000e\000\040\000p\000r\000a\000t\000i\000q\000u\000e}{}% 28
\BOOKMARK [2][-]{subsection.9.1}{\376\377\000E\000x\000e\000r\000c\000i\000c\000e\000\040\0002\0000\000\040\000:\000\040\000M\000i\000n\000i\000-\000p\000r\000o\000j\000e\000t\000\040\000c\000o\000m\000p\000l\000e\000t}{section.9}% 29
\BOOKMARK [1][-]{section.10}{\376\377\000A\000n\000n\000e\000x\000e\000s}{}% 30
\BOOKMARK [2][-]{subsection.10.1}{\376\377\000A\000i\000d\000e\000-\000m\000\351\000m\000o\000i\000r\000e\000\040\000d\000e\000s\000\040\000c\000o\000m\000m\000a\000n\000d\000e\000s\000\040\000e\000s\000s\000e\000n\000t\000i\000e\000l\000l\000e\000s}{section.10}% 31
\BOOKMARK [2][-]{subsection.10.2}{\376\377\000F\000o\000r\000m\000a\000t\000\040\000d\000e\000s\000\040\000n\000o\000m\000s\000\040\000d\000'\000i\000m\000a\000g\000e\000s}{section.10}% 32
