\BOOKMARK [1][-]{section.1}{\376\377\000D\000\351\000r\000o\000u\000l\000e\000m\000e\000n\000t\000\040\000d\000u\000\040\000T\000P}{}% 1
\BOOKMARK [1][-]{section.2}{\376\377\000P\000r\000\351\000r\000e\000q\000u\000i\000s}{}% 2
\BOOKMARK [1][-]{section.3}{\376\377\000F\000o\000c\000u\000s\000\040\000s\000u\000r\000\040\000l\000e\000s\000\040\000c\000o\000m\000m\000a\000n\000d\000e\000s\000\040\000k\000u\000b\000e\000c\000t\000l}{}% 3
\BOOKMARK [2][-]{subsection.3.1}{\376\377\000A\000p\000r\000\350\000s\000\040\000l\000'\000i\000n\000s\000t\000a\000l\000l\000a\000t\000i\000o\000n\000\040\000d\000e\000\040\000v\000o\000t\000r\000e\000\040\000c\000l\000u\000s\000t\000e\000r}{section.3}% 4
\BOOKMARK [2][-]{subsection.3.2}{\376\377\000V\000e\000r\000b\000e\000s\000\040\000k\000u\000b\000e\000c\000t\000l\000\040\000c\000o\000u\000r\000a\000n\000t\000s}{section.3}% 5
\BOOKMARK [1][-]{section.4}{\376\377\000I\000n\000f\000o\000r\000m\000a\000t\000i\000o\000n\000s\000\040\000\340\000\040\000p\000r\000o\000p\000o\000s\000\040\000d\000u\000\040\000c\000l\000u\000s\000t\000e\000r}{}% 6
\BOOKMARK [1][-]{section.5}{\376\377\000L\000e\000s\000\040\000O\000b\000j\000e\000t\000s\000\040\000K\000u\000b\000e\000r\000n\000e\000t\000e\000s}{}% 7
\BOOKMARK [1][-]{section.6}{\376\377\000O\000\371\000\040\000v\000i\000v\000e\000n\000t\000\040\000l\000e\000s\000\040\000o\000b\000j\000e\000t\000s\000\040\000?}{}% 8
\BOOKMARK [1][-]{section.7}{\376\377\000D\000\351\000p\000l\000o\000i\000e\000m\000e\000n\000t\000\040\000d\000'\000u\000n\000e\000\040\000p\000r\000e\000m\000i\000\350\000r\000e\000\040\000a\000p\000p\000l\000i\000c\000a\000t\000i\000o\000n}{}% 9
\BOOKMARK [2][-]{subsection.7.1}{\376\377\000C\000o\000m\000p\000u\000t\000e\000\040\000M\000a\000n\000i\000f\000e\000s\000t}{section.7}% 10
\BOOKMARK [2][-]{subsection.7.2}{\376\377\000S\000t\000o\000r\000a\000g\000e\000\040\000M\000a\000n\000i\000f\000e\000s\000t}{section.7}% 11
\BOOKMARK [2][-]{subsection.7.3}{\376\377\000N\000e\000t\000w\000o\000r\000k\000\040\000M\000a\000n\000i\000f\000e\000s\000t}{section.7}% 12
\BOOKMARK [1][-]{section.8}{\376\377\000S\000e\000c\000r\000e\000t\000\040\000d\000a\000n\000s\000\040\000K\000u\000b\000e\000r\000n\000e\000t\000e\000s}{}% 13
\BOOKMARK [1][-]{section.9}{\376\377\000P\000o\000u\000r\000\040\000l\000e\000s\000\040\000p\000l\000u\000s\000\040\000r\000a\000p\000i\000d\000e\000s}{}% 14
\BOOKMARK [2][-]{subsection.9.1}{\376\377\000D\000\351\000p\000l\000o\000i\000e\000m\000e\000n\000t\000\040\000d\000'\000u\000n\000e\000\040\000a\000p\000p\000l\000i\000c\000a\000t\000i\000o\000n\000\040\000P\000H\000P\000\040\000a\000v\000e\000c\000\040\000R\000e\000d\000i\000s}{section.9}% 15
\BOOKMARK [2][-]{subsection.9.2}{\376\377\000C\000r\000\351\000a\000t\000i\000o\000n\000\040\000d\000e\000\040\000l\000a\000\040\000b\000a\000s\000e\000\040\000d\000e\000\040\000d\000o\000n\000n\000\351\000e\000s\000\040\000R\000e\000d\000i\000s}{section.9}% 16
\BOOKMARK [2][-]{subsection.9.3}{\376\377\000C\000r\000\351\000a\000t\000i\000o\000n\000\040\000d\000u\000\040\000s\000e\000r\000v\000i\000c\000e\000\040\000R\000e\000d\000i\000s\000\040\000l\000e\000a\000d\000e\000r}{section.9}% 17
\BOOKMARK [2][-]{subsection.9.4}{\376\377\000C\000r\000\351\000a\000t\000i\000o\000n\000\040\000d\000e\000s\000\040\000r\000e\000d\000i\000s\000\040\000f\000o\000l\000l\000o\000w\000e\000r\000s}{section.9}% 18
\BOOKMARK [2][-]{subsection.9.5}{\376\377\000C\000r\000\351\000a\000t\000i\000o\000n\000\040\000d\000u\000\040\000s\000e\000r\000v\000i\000c\000e\000\040\000R\000e\000d\000i\000s\000\040\000f\000o\000l\000l\000o\000w\000e\000r\000s}{section.9}% 19
\BOOKMARK [2][-]{subsection.9.6}{\376\377\000C\000r\000\351\000a\000t\000i\000o\000n\000\040\000d\000e\000\040\000l\000'\000a\000p\000p\000l\000i\000c\000a\000t\000i\000o\000n\000\040\000G\000u\000e\000s\000t\000b\000o\000o\000k}{section.9}% 20
\BOOKMARK [2][-]{subsection.9.7}{\376\377\000C\000r\000\351\000a\000t\000i\000o\000n\000\040\000d\000u\000\040\000s\000e\000r\000v\000i\000c\000e\000\040\000f\000r\000o\000n\000t\000e\000n\000d}{section.9}% 21
\BOOKMARK [2][-]{subsection.9.8}{\376\377\000C\000r\000\351\000a\000t\000i\000o\000n\000\040\000d\000e\000\040\000l\000'\000i\000n\000g\000r\000e\000s\000s}{section.9}% 22
